-------------------------------------------------------------------------------
Test set: com.java.api.config.ApiApplicationTests
-------------------------------------------------------------------------------
Tests run: 1, Failures: 0, Errors: 1, Skipped: 0, Time elapsed: 0.709 s <<< FAILURE! - in com.java.api.config.ApiApplicationTests
contextLoads  Time elapsed: 0.001 s  <<< ERROR!
java.lang.IllegalStateException: Failed to load ApplicationContext
Caused by: org.springframework.beans.factory.BeanDefinitionStoreException: Failed to parse configuration class [com.java.api.config.ApiApplication]; nested exception is java.io.FileNotFoundException: class path resource [com.java.api.service.WorkService] cannot be opened because it does not exist
Caused by: java.io.FileNotFoundException: class path resource [com.java.api.service.WorkService] cannot be opened because it does not exist

